[ 2016-12-14T09:23:54+08:00 ] 127.0.0.1 /CLONE/Wplus/ThinkWplus/index.php/request-list.html
INFO: [ app_init ] --START--
INFO: Run Behavior\BuildLiteBehavior [ RunTime:0.000035s ]
INFO: [ app_init ] --END-- [ RunTime:0.001359s ]
ERR: 无法加载模块:Request-list

[ 2016-12-14T09:23:59+08:00 ] 127.0.0.1 /CLONE/Wplus/ThinkWplus/index.php/request-list.html
INFO: [ app_init ] --START--
INFO: Run Behavior\BuildLiteBehavior [ RunTime:0.000017s ]
INFO: [ app_init ] --END-- [ RunTime:0.000587s ]
ERR: 无法加载模块:Request-list

[ 2016-12-14T09:24:08+08:00 ] 127.0.0.1 /CLONE/Wplus/ThinkWplus/index.php/request-list.html
INFO: [ app_init ] --START--
INFO: Run Behavior\BuildLiteBehavior [ RunTime:0.000031s ]
INFO: [ app_init ] --END-- [ RunTime:0.001177s ]
ERR: 无法加载模块:Request-list

[ 2016-12-14T09:32:10+08:00 ] 127.0.0.1 /CLONE/Wplus/ThinkWplus/index.php/request-list.html
INFO: [ app_init ] --START--
INFO: Run Behavior\BuildLiteBehavior [ RunTime:0.000016s ]
INFO: [ app_init ] --END-- [ RunTime:0.000570s ]
ERR: 无法加载模块:Request-list

[ 2016-12-14T09:32:20+08:00 ] 127.0.0.1 /CLONE/Wplus/ThinkWplus/index.php/request-list.html
INFO: [ app_init ] --START--
INFO: Run Behavior\BuildLiteBehavior [ RunTime:0.000016s ]
INFO: [ app_init ] --END-- [ RunTime:0.000589s ]
ERR: 无法加载模块:Request-list

[ 2016-12-14T09:37:04+08:00 ] 127.0.0.1 /CLONE/Wplus/ThinkWplus/index.php/Nowait/requestist
INFO: [ app_init ] --START--
INFO: Run Behavior\BuildLiteBehavior [ RunTime:0.000016s ]
INFO: [ app_init ] --END-- [ RunTime:0.000593s ]
ERR: 无法加载模块:Nowait

[ 2016-12-14T09:37:12+08:00 ] 127.0.0.1 /CLONE/Wplus/ThinkWplus/index.php/Nowait/requestlist
INFO: [ app_init ] --START--
INFO: Run Behavior\BuildLiteBehavior [ RunTime:0.000015s ]
INFO: [ app_init ] --END-- [ RunTime:0.000504s ]
ERR: 无法加载模块:Nowait

